<?xml version="1.0" encoding="UTF-8"?>
<testsuite xmlns:xsi="http://www.w3.org/2001/XMLSchema-instance" xsi:noNamespaceSchemaLocation="https://maven.apache.org/surefire/maven-surefire-plugin/xsd/surefire-test-report.xsd" name="com.luca.core.product.ProductServiceApplicationTests" time="6.175" tests="6" errors="0" skipped="0" failures="0">
  <properties>
[...]
</properties>
  <testcase name="getProductById" classname="com.luca.core.product.ProductServiceApplicationTests" time="1.49"/>
  <testcase name="getProductInvalidParameterNegativeValue" classname="com.luca.core.product.ProductServiceApplicationTests" time="0.05"/>
  <testcase name="deleteProduct" classname="com.luca.core.product.ProductServiceApplicationTests" time="0.101"/>
  <testcase name="duplicateError" classname="com.luca.core.product.ProductServiceApplicationTests" time="0.166"/>
  <testcase name="getProductInvalidParameterString" classname="com.luca.core.product.ProductServiceApplicationTests" time="0.101"/>
  <testcase name="getProductNotFound" classname="com.luca.core.product.ProductServiceApplicationTests" time="0.036"/>
</testsuite>